{"C:\\Users\\Laptop\\Documents\\kinsta\\loot-zone-kinsta\\backend\\src\\context.ts": {"path":"C:\\Users\\Laptop\\Documents\\kinsta\\loot-zone-kinsta\\backend\\src\\context.ts","statementMap":{"0":{"start":{"line":7,"column":0},"end":{"line":7,"column":16}},"1":{"start":{"line":1,"column":0},"end":{"line":1,"column":37}},"2":{"start":{"line":8,"column":2},"end":{"line":8,"column":20}}},"fnMap":{"0":{"name":"createContext","decl":{"start":{"line":7,"column":16},"end":{"line":7,"column":29}},"loc":{"start":{"line":7,"column":29},"end":{"line":9,"column":1}}}},"branchMap":{},"s":{"0":0,"1":0,"2":0},"f":{"0":0},"b":{}}
,"C:\\Users\\Laptop\\Documents\\kinsta\\loot-zone-kinsta\\backend\\src\\prisma.ts": {"path":"C:\\Users\\Laptop\\Documents\\kinsta\\loot-zone-kinsta\\backend\\src\\prisma.ts","statementMap":{"0":{"start":{"line":1,"column":0},"end":{"line":1,"column":46}},"1":{"start":{"line":2,"column":0},"end":{"line":2,"column":54}},"2":{"start":{"line":4,"column":13},"end":{"line":8,"column":3}}},"fnMap":{},"branchMap":{},"s":{"0":0,"1":0,"2":0},"f":{},"b":{}}
,"C:\\Users\\Laptop\\Documents\\kinsta\\loot-zone-kinsta\\backend\\src\\resolvers\\product.resolver.ts": {"path":"C:\\Users\\Laptop\\Documents\\kinsta\\loot-zone-kinsta\\backend\\src\\resolvers\\product.resolver.ts","statementMap":{"0":{"start":{"line":3,"column":13},"end":{"line":99,"column":2}},"1":{"start":{"line":15,"column":49},"end":{"line":15,"column":53}},"2":{"start":{"line":17,"column":19},"end":{"line":17,"column":40}},"3":{"start":{"line":19,"column":20},"end":{"line":19,"column":72}},"4":{"start":{"line":21,"column":25},"end":{"line":21,"column":27}},"5":{"start":{"line":23,"column":6},"end":{"line":38,"column":7}},"6":{"start":{"line":25,"column":10},"end":{"line":25,"column":37}},"7":{"start":{"line":26,"column":10},"end":{"line":26,"column":16}},"8":{"start":{"line":28,"column":10},"end":{"line":28,"column":38}},"9":{"start":{"line":29,"column":10},"end":{"line":29,"column":16}},"10":{"start":{"line":31,"column":10},"end":{"line":31,"column":36}},"11":{"start":{"line":32,"column":10},"end":{"line":32,"column":16}},"12":{"start":{"line":34,"column":10},"end":{"line":34,"column":37}},"13":{"start":{"line":35,"column":10},"end":{"line":35,"column":16}},"14":{"start":{"line":37,"column":10},"end":{"line":37,"column":42}},"15":{"start":{"line":40,"column":34},"end":{"line":48,"column":8}},"16":{"start":{"line":50,"column":6},"end":{"line":53,"column":8}},"17":{"start":{"line":57,"column":6},"end":{"line":60,"column":9}},"18":{"start":{"line":66,"column":6},"end":{"line":79,"column":9}},"19":{"start":{"line":83,"column":30},"end":{"line":83,"column":34}},"20":{"start":{"line":85,"column":6},"end":{"line":89,"column":9}},"21":{"start":{"line":93,"column":6},"end":{"line":95,"column":9}},"22":{"start":{"line":96,"column":6},"end":{"line":96,"column":18}}},"fnMap":{"0":{"name":"(anonymous_0)","decl":{"start":{"line":5,"column":14},"end":{"line":5,"column":19}},"loc":{"start":{"line":14,"column":8},"end":{"line":54,"column":5}}},"1":{"name":"(anonymous_1)","decl":{"start":{"line":56,"column":13},"end":{"line":56,"column":14}},"loc":{"start":{"line":56,"column":64},"end":{"line":61,"column":5}}},"2":{"name":"(anonymous_2)","decl":{"start":{"line":65,"column":19},"end":{"line":65,"column":20}},"loc":{"start":{"line":65,"column":59},"end":{"line":80,"column":5}}},"3":{"name":"(anonymous_3)","decl":{"start":{"line":82,"column":19},"end":{"line":82,"column":20}},"loc":{"start":{"line":82,"column":59},"end":{"line":90,"column":5}}},"4":{"name":"(anonymous_4)","decl":{"start":{"line":92,"column":19},"end":{"line":92,"column":24}},"loc":{"start":{"line":92,"column":76},"end":{"line":97,"column":5}}}},"branchMap":{"0":{"loc":{"start":{"line":19,"column":20},"end":{"line":19,"column":72}},"type":"cond-expr","locations":[{"start":{"line":19,"column":31},"end":{"line":19,"column":60}},{"start":{"line":19,"column":63},"end":{"line":19,"column":72}}]},"1":{"loc":{"start":{"line":23,"column":6},"end":{"line":38,"column":7}},"type":"switch","locations":[{"start":{"line":24,"column":8},"end":{"line":26,"column":16}},{"start":{"line":27,"column":8},"end":{"line":29,"column":16}},{"start":{"line":30,"column":8},"end":{"line":32,"column":16}},{"start":{"line":33,"column":8},"end":{"line":35,"column":16}},{"start":{"line":36,"column":8},"end":{"line":37,"column":42}}]}},"s":{"0":1,"1":8,"2":8,"3":8,"4":8,"5":8,"6":2,"7":2,"8":1,"9":1,"10":1,"11":1,"12":1,"13":1,"14":3,"15":8,"16":8,"17":2,"18":1,"19":3,"20":3,"21":3,"22":3},"f":{"0":8,"1":2,"2":1,"3":3,"4":3},"b":{"0":[2,6],"1":[2,1,1,1,3]}}
,"C:\\Users\\Laptop\\Documents\\kinsta\\loot-zone-kinsta\\backend\\src\\resolvers\\user.resolver.ts": {"path":"C:\\Users\\Laptop\\Documents\\kinsta\\loot-zone-kinsta\\backend\\src\\resolvers\\user.resolver.ts","statementMap":{"0":{"start":{"line":2,"column":0},"end":{"line":2,"column":28}},"1":{"start":{"line":3,"column":0},"end":{"line":3,"column":31}},"2":{"start":{"line":5,"column":13},"end":{"line":86,"column":2}},"3":{"start":{"line":8,"column":6},"end":{"line":10,"column":9}},"4":{"start":{"line":14,"column":6},"end":{"line":17,"column":9}},"5":{"start":{"line":27,"column":6},"end":{"line":29,"column":9}},"6":{"start":{"line":37,"column":6},"end":{"line":44,"column":9}},"7":{"start":{"line":48,"column":6},"end":{"line":50,"column":9}},"8":{"start":{"line":51,"column":6},"end":{"line":51,"column":18}},"9":{"start":{"line":55,"column":29},"end":{"line":55,"column":60}},"10":{"start":{"line":57,"column":19},"end":{"line":63,"column":8}},"11":{"start":{"line":65,"column":20},"end":{"line":65,"column":74}},"12":{"start":{"line":67,"column":6},"end":{"line":67,"column":29}},"13":{"start":{"line":71,"column":19},"end":{"line":73,"column":8}},"14":{"start":{"line":75,"column":6},"end":{"line":75,"column":51}},"15":{"start":{"line":75,"column":17},"end":{"line":75,"column":51}},"16":{"start":{"line":77,"column":20},"end":{"line":77,"column":65}},"17":{"start":{"line":79,"column":6},"end":{"line":79,"column":54}},"18":{"start":{"line":79,"column":18},"end":{"line":79,"column":54}},"19":{"start":{"line":81,"column":20},"end":{"line":81,"column":74}},"20":{"start":{"line":83,"column":6},"end":{"line":83,"column":29}}},"fnMap":{"0":{"name":"(anonymous_1)","decl":{"start":{"line":7,"column":11},"end":{"line":7,"column":12}},"loc":{"start":{"line":7,"column":53},"end":{"line":11,"column":5}}},"1":{"name":"(anonymous_2)","decl":{"start":{"line":13,"column":10},"end":{"line":13,"column":11}},"loc":{"start":{"line":13,"column":61},"end":{"line":18,"column":5}}},"2":{"name":"(anonymous_3)","decl":{"start":{"line":22,"column":16},"end":{"line":22,"column":null}},"loc":{"start":{"line":26,"column":8},"end":{"line":30,"column":5}}},"3":{"name":"(anonymous_4)","decl":{"start":{"line":32,"column":16},"end":{"line":32,"column":null}},"loc":{"start":{"line":36,"column":8},"end":{"line":45,"column":5}}},"4":{"name":"(anonymous_5)","decl":{"start":{"line":47,"column":16},"end":{"line":47,"column":21}},"loc":{"start":{"line":47,"column":73},"end":{"line":52,"column":5}}},"5":{"name":"(anonymous_6)","decl":{"start":{"line":54,"column":14},"end":{"line":54,"column":19}},"loc":{"start":{"line":54,"column":84},"end":{"line":68,"column":5}}},"6":{"name":"(anonymous_7)","decl":{"start":{"line":70,"column":11},"end":{"line":70,"column":16}},"loc":{"start":{"line":70,"column":71},"end":{"line":84,"column":5}}}},"branchMap":{"0":{"loc":{"start":{"line":40,"column":14},"end":{"line":40,"column":58}},"type":"binary-expr","locations":[{"start":{"line":40,"column":14},"end":{"line":40,"column":27}},{"start":{"line":40,"column":31},"end":{"line":40,"column":58}}]},"1":{"loc":{"start":{"line":41,"column":14},"end":{"line":41,"column":49}},"type":"binary-expr","locations":[{"start":{"line":41,"column":14},"end":{"line":41,"column":24}},{"start":{"line":41,"column":28},"end":{"line":41,"column":49}}]},"2":{"loc":{"start":{"line":42,"column":14},"end":{"line":42,"column":58}},"type":"binary-expr","locations":[{"start":{"line":42,"column":14},"end":{"line":42,"column":27}},{"start":{"line":42,"column":31},"end":{"line":42,"column":58}}]},"3":{"loc":{"start":{"line":75,"column":6},"end":{"line":75,"column":51}},"type":"if","locations":[{"start":{"line":75,"column":6},"end":{"line":75,"column":51}},{"start":{},"end":{}}]},"4":{"loc":{"start":{"line":79,"column":6},"end":{"line":79,"column":54}},"type":"if","locations":[{"start":{"line":79,"column":6},"end":{"line":79,"column":54}},{"start":{},"end":{}}]}},"s":{"0":1,"1":1,"2":1,"3":2,"4":2,"5":1,"6":3,"7":1,"8":1,"9":2,"10":2,"11":2,"12":2,"13":4,"14":4,"15":1,"16":3,"17":3,"18":1,"19":2,"20":2},"f":{"0":2,"1":2,"2":1,"3":3,"4":1,"5":2,"6":4},"b":{"0":[3,2],"1":[3,2],"2":[3,0],"3":[1,3],"4":[1,2]}}
,"C:\\Users\\Laptop\\Documents\\kinsta\\loot-zone-kinsta\\backend\\src\\schema\\resolvers.ts": {"path":"C:\\Users\\Laptop\\Documents\\kinsta\\loot-zone-kinsta\\backend\\src\\schema\\resolvers.ts","statementMap":{"0":{"start":{"line":1,"column":0},"end":{"line":1,"column":62}},"1":{"start":{"line":2,"column":0},"end":{"line":2,"column":68}},"2":{"start":{"line":4,"column":13},"end":{"line":13,"column":2}}},"fnMap":{},"branchMap":{},"s":{"0":0,"1":0,"2":0},"f":{},"b":{}}
,"C:\\Users\\Laptop\\Documents\\kinsta\\loot-zone-kinsta\\backend\\src\\schema\\typeDefs.ts": {"path":"C:\\Users\\Laptop\\Documents\\kinsta\\loot-zone-kinsta\\backend\\src\\schema\\typeDefs.ts","statementMap":{"0":{"start":{"line":1,"column":0},"end":{"line":1,"column":36}},"1":{"start":{"line":3,"column":13},"end":{"line":84,"column":2}}},"fnMap":{},"branchMap":{},"s":{"0":0,"1":0},"f":{},"b":{}}
}
