TN:
SF:src\context.ts
FN:7,createContext
FNF:1
FNH:0
FNDA:0,createContext
DA:1,0
DA:7,0
DA:8,0
LF:3
LH:0
BRF:0
BRH:0
end_of_record
TN:
SF:src\prisma.ts
FNF:0
FNH:0
DA:1,0
DA:2,0
DA:4,0
LF:3
LH:0
BRF:0
BRH:0
end_of_record
TN:
SF:src\resolvers\product.resolver.ts
FN:5,(anonymous_0)
FN:56,(anonymous_1)
FN:65,(anonymous_2)
FN:82,(anonymous_3)
FN:92,(anonymous_4)
FNF:5
FNH:4
FNDA:3,(anonymous_0)
FNDA:1,(anonymous_1)
FNDA:1,(anonymous_2)
FNDA:0,(anonymous_3)
FNDA:1,(anonymous_4)
DA:3,1
DA:15,3
DA:17,3
DA:19,3
DA:21,3
DA:23,3
DA:25,1
DA:26,1
DA:28,0
DA:29,0
DA:31,0
DA:32,0
DA:34,0
DA:35,0
DA:37,2
DA:40,3
DA:50,3
DA:57,1
DA:66,1
DA:83,0
DA:85,0
DA:93,1
DA:96,1
LF:23
LH:15
BRDA:19,0,0,1
BRDA:19,0,1,2
BRDA:23,1,0,1
BRDA:23,1,1,0
BRDA:23,1,2,0
BRDA:23,1,3,0
BRDA:23,1,4,2
BRF:7
BRH:4
end_of_record
TN:
SF:src\resolvers\user.resolver.ts
FN:7,(anonymous_1)
FN:13,(anonymous_2)
FN:22,(anonymous_3)
FN:32,(anonymous_4)
FN:47,(anonymous_5)
FN:54,(anonymous_6)
FN:70,(anonymous_7)
FNF:7
FNH:7
FNDA:2,(anonymous_1)
FNDA:2,(anonymous_2)
FNDA:1,(anonymous_3)
FNDA:3,(anonymous_4)
FNDA:1,(anonymous_5)
FNDA:2,(anonymous_6)
FNDA:4,(anonymous_7)
DA:2,1
DA:3,1
DA:5,1
DA:8,2
DA:14,2
DA:27,1
DA:37,3
DA:48,1
DA:51,1
DA:55,2
DA:57,2
DA:65,2
DA:67,2
DA:71,4
DA:75,4
DA:77,3
DA:79,3
DA:81,2
DA:83,2
LF:19
LH:19
BRDA:40,0,0,3
BRDA:40,0,1,2
BRDA:41,1,0,3
BRDA:41,1,1,2
BRDA:42,2,0,3
BRDA:42,2,1,0
BRDA:75,3,0,1
BRDA:75,3,1,3
BRDA:79,4,0,1
BRDA:79,4,1,2
BRF:10
BRH:9
end_of_record
TN:
SF:src\schema\resolvers.ts
FNF:0
FNH:0
DA:1,0
DA:2,0
DA:4,0
LF:3
LH:0
BRF:0
BRH:0
end_of_record
TN:
SF:src\schema\typeDefs.ts
FNF:0
FNH:0
DA:1,0
DA:3,0
LF:2
LH:0
BRF:0
BRH:0
end_of_record
